Arguments: 
  /usr/bin/node /usr/share/yarn/bin/yarn.js

PATH: 
  /usr/local/sbin:/usr/local/bin:/usr/sbin:/usr/bin:/sbin:/bin:/usr/games:/usr/local/games:/snap/bin

Yarn version: 
  1.22.5

Node version: 
  10.19.0

Platform: 
  linux x64

Trace: 
  SyntaxError: /media/dave/d2009cda-4225-426a-a736-875fbd6986b2/git/cryptocurrency_tools/xrp/package.json: Unexpected token ' in JSON at position 105
      at JSON.parse (<anonymous>)
      at /usr/share/yarn/lib/cli.js:1625:59
      at Generator.next (<anonymous>)
      at step (/usr/share/yarn/lib/cli.js:310:30)
      at /usr/share/yarn/lib/cli.js:321:13

npm manifest: 
  {
    "name": "desimmons_xrpl_tools",
    "version": "0.0.1",
    "license": "MIT",
    "private": true,
    "//": 'UNLICENSED'
    "dependencies": {
      "ripple-lib": "*"
    },
    "devDependencies": {
      "eslint": "*"
    }
  }

yarn manifest: 
  No manifest

Lockfile: 
  No lockfile
